[debug] ----------------------------------------------------------------------
[debug] Command:      C:\Program Files\nodejs\node.exe C:\Users\gilfo\AppData\Roaming\npm\node_modules\firebase-tools\bin\firebase serve
[debug] CLI Version:  3.6.1
[debug] Platform:     win32
[debug] Node Version: v6.10.1
[debug] Time:         Sat Apr 15 2017 04:19:06 GMT-0300 (Hora oficial do Brasil)
[debug] ----------------------------------------------------------------------
[debug] 
[debug] > command requires scopes: ["email","openid","https://www.googleapis.com/auth/cloudplatformprojects.readonly","https://www.googleapis.com/auth/firebase","https://www.googleapis.com/auth/cloud-platform"]
[debug] >>> HTTP REQUEST GET https://admin.firebase.com/v1/projects/friendlychat-f0dbf  
 Sat Apr 15 2017 04:19:06 GMT-0300 (Hora oficial do Brasil)
[debug] <<< HTTP RESPONSE 200
[debug] >>> HTTP REQUEST GET https://admin.firebase.com/v1/database/friendlychat-f0dbf/tokens  
 Sat Apr 15 2017 04:19:06 GMT-0300 (Hora oficial do Brasil)
[debug] <<< HTTP RESPONSE 200
[info] Starting Firebase development server...
[info] 
[info] Project Directory: C:\Users\gilfo\OneDrive\Documentos\GitHub\Firebase-Web-Codelab\src
[debug] >>> HTTP REQUEST GET https://cloudresourcemanager.googleapis.com/v1/projects/friendlychat-f0dbf  
 Sat Apr 15 2017 04:19:07 GMT-0300 (Hora oficial do Brasil)
[debug] <<< HTTP RESPONSE 200
[debug] >>> HTTP REQUEST GET https://mobilesdk-pa.googleapis.com/v1/projects/890316036396/clients/_:getWebAppConfig  
 Sat Apr 15 2017 04:19:08 GMT-0300 (Hora oficial do Brasil)
[debug] <<< HTTP RESPONSE 200
[warn] !  Port 5000 is not available. Trying another port...
[debug] >>> HTTP REQUEST GET https://cloudresourcemanager.googleapis.com/v1/projects/friendlychat-f0dbf  
 Sat Apr 15 2017 04:19:09 GMT-0300 (Hora oficial do Brasil)
[debug] <<< HTTP RESPONSE 200
[debug] >>> HTTP REQUEST GET https://mobilesdk-pa.googleapis.com/v1/projects/890316036396/clients/_:getWebAppConfig  
 Sat Apr 15 2017 04:19:10 GMT-0300 (Hora oficial do Brasil)
[debug] <<< HTTP RESPONSE 200
[info] Public Directory: ./
[info] 
[info] Server listening at: http://localhost:5001
